[
  {
    "level": "INFO",
    "message": "android.ndkVersion from module build.gradle is [20.1.5948944]"
  },
  {
    "level": "INFO",
    "message": "android.ndkPath from module build.gradle is not set"
  },
  {
    "level": "INFO",
    "message": "ndk.dir in local.properties is not set"
  },
  {
    "level": "INFO",
    "message": "Not considering ANDROID_NDK_HOME because support was removed after deprecation period."
  },
  {
    "level": "INFO",
    "message": "sdkFolder is /Users/griffinhuth/Library/Android/sdk"
  },
  {
    "level": "INFO",
    "message": "NDK side-by-side folder from sdkFolder /Users/griffinhuth/Library/Android/sdk/ndk does not exist"
  },
  {
    "level": "INFO",
    "message": "Folder /Users/griffinhuth/Library/Android/sdk/ndk/20.1.5948944 does not exist. Ignoring."
  },
  {
    "level": "INFO",
    "message": "Folder /Users/griffinhuth/Library/Android/sdk/ndk-bundle does not exist. Ignoring."
  },
  {
    "level": "INFO",
    "message": "No NDK was found. Trying to download it now."
  },
  {
    "level": "INFO",
    "message": "NDK 20.1.5948944 was downloaded to /Users/griffinhuth/Library/Android/sdk/ndk/20.1.5948944. Using that."
  }
]